::1 - - [21/May/2021:17:17:29 +0000] "GET /chat HTTP/1.1" 302 46 "-" "Mozilla/5.0 (Windows NT 10.0; Win64; x64) AppleWebKit/537.36 (KHTML, like Gecko) Chrome/90.0.4430.93 Safari/537.36"
::1 - - [21/May/2021:17:17:29 +0000] "GET / HTTP/1.1" 304 - "-" "Mozilla/5.0 (Windows NT 10.0; Win64; x64) AppleWebKit/537.36 (KHTML, like Gecko) Chrome/90.0.4430.93 Safari/537.36"
::1 - - [21/May/2021:17:17:29 +0000] "GET /css/app.cdd85f6e.css HTTP/1.1" 304 - "http://localhost:9000/" "Mozilla/5.0 (Windows NT 10.0; Win64; x64) AppleWebKit/537.36 (KHTML, like Gecko) Chrome/90.0.4430.93 Safari/537.36"
::1 - - [21/May/2021:17:17:29 +0000] "GET /js/app.2caee2eb.js HTTP/1.1" 304 - "http://localhost:9000/" "Mozilla/5.0 (Windows NT 10.0; Win64; x64) AppleWebKit/537.36 (KHTML, like Gecko) Chrome/90.0.4430.93 Safari/537.36"
::1 - - [21/May/2021:17:17:29 +0000] "GET /js/chunk-vendors.ba8d597b.js HTTP/1.1" 304 - "http://localhost:9000/" "Mozilla/5.0 (Windows NT 10.0; Win64; x64) AppleWebKit/537.36 (KHTML, like Gecko) Chrome/90.0.4430.93 Safari/537.36"
::1 - - [21/May/2021:17:17:29 +0000] "GET /js/about.1436a192.js HTTP/1.1" 304 - "http://localhost:9000/" "Mozilla/5.0 (Windows NT 10.0; Win64; x64) AppleWebKit/537.36 (KHTML, like Gecko) Chrome/90.0.4430.93 Safari/537.36"
::1 - - [21/May/2021:17:17:29 +0000] "GET /js/app.2caee2eb.js.map HTTP/1.1" 200 40362 "-" "Mozilla/5.0 (Windows NT 10.0; Win64; x64) AppleWebKit/537.36 (KHTML, like Gecko) Chrome/90.0.4430.93 Safari/537.36"
::1 - - [21/May/2021:17:17:29 +0000] "GET /api/checkLogin HTTP/1.1" 304 - "http://localhost:9000/" "Mozilla/5.0 (Windows NT 10.0; Win64; x64) AppleWebKit/537.36 (KHTML, like Gecko) Chrome/90.0.4430.93 Safari/537.36"
::1 - - [21/May/2021:17:17:29 +0000] "GET /js/chunk-vendors.ba8d597b.js.map HTTP/1.1" 200 1155165 "-" "Mozilla/5.0 (Windows NT 10.0; Win64; x64) AppleWebKit/537.36 (KHTML, like Gecko) Chrome/90.0.4430.93 Safari/537.36"
::1 - - [21/May/2021:17:17:44 +0000] "GET /chat HTTP/1.1" 302 46 "-" "Mozilla/5.0 (Windows NT 10.0; Win64; x64) AppleWebKit/537.36 (KHTML, like Gecko) Chrome/90.0.4430.93 Safari/537.36"
::1 - - [21/May/2021:17:17:44 +0000] "GET / HTTP/1.1" 304 - "-" "Mozilla/5.0 (Windows NT 10.0; Win64; x64) AppleWebKit/537.36 (KHTML, like Gecko) Chrome/90.0.4430.93 Safari/537.36"
::1 - - [21/May/2021:17:17:44 +0000] "GET /css/app.cdd85f6e.css HTTP/1.1" 304 - "http://localhost:9000/" "Mozilla/5.0 (Windows NT 10.0; Win64; x64) AppleWebKit/537.36 (KHTML, like Gecko) Chrome/90.0.4430.93 Safari/537.36"
::1 - - [21/May/2021:17:17:44 +0000] "GET /js/app.2caee2eb.js HTTP/1.1" 304 - "http://localhost:9000/" "Mozilla/5.0 (Windows NT 10.0; Win64; x64) AppleWebKit/537.36 (KHTML, like Gecko) Chrome/90.0.4430.93 Safari/537.36"
::1 - - [21/May/2021:17:17:44 +0000] "GET /js/chunk-vendors.ba8d597b.js HTTP/1.1" 304 - "http://localhost:9000/" "Mozilla/5.0 (Windows NT 10.0; Win64; x64) AppleWebKit/537.36 (KHTML, like Gecko) Chrome/90.0.4430.93 Safari/537.36"
::1 - - [21/May/2021:17:17:44 +0000] "GET /js/about.1436a192.js HTTP/1.1" 304 - "http://localhost:9000/" "Mozilla/5.0 (Windows NT 10.0; Win64; x64) AppleWebKit/537.36 (KHTML, like Gecko) Chrome/90.0.4430.93 Safari/537.36"
::1 - - [21/May/2021:17:17:45 +0000] "GET /js/app.2caee2eb.js.map HTTP/1.1" 200 40362 "-" "Mozilla/5.0 (Windows NT 10.0; Win64; x64) AppleWebKit/537.36 (KHTML, like Gecko) Chrome/90.0.4430.93 Safari/537.36"
::1 - - [21/May/2021:17:17:45 +0000] "GET /api/checkLogin HTTP/1.1" 304 - "http://localhost:9000/" "Mozilla/5.0 (Windows NT 10.0; Win64; x64) AppleWebKit/537.36 (KHTML, like Gecko) Chrome/90.0.4430.93 Safari/537.36"
::1 - - [21/May/2021:17:17:45 +0000] "GET /js/chunk-vendors.ba8d597b.js.map HTTP/1.1" 200 1155165 "-" "Mozilla/5.0 (Windows NT 10.0; Win64; x64) AppleWebKit/537.36 (KHTML, like Gecko) Chrome/90.0.4430.93 Safari/537.36"
::1 - - [21/May/2021:17:18:00 +0000] "POST /api/login HTTP/1.1" 200 38 "http://localhost:9000/" "Mozilla/5.0 (Windows NT 10.0; Win64; x64) AppleWebKit/537.36 (KHTML, like Gecko) Chrome/90.0.4430.93 Safari/537.36"
::1 - - [21/May/2021:17:18:05 +0000] "GET /chat HTTP/1.1" 200 804 "-" "Mozilla/5.0 (Windows NT 10.0; Win64; x64) AppleWebKit/537.36 (KHTML, like Gecko) Chrome/90.0.4430.93 Safari/537.36"
::1 - - [21/May/2021:17:18:05 +0000] "GET /css/app.cdd85f6e.css HTTP/1.1" 304 - "http://localhost:9000/chat" "Mozilla/5.0 (Windows NT 10.0; Win64; x64) AppleWebKit/537.36 (KHTML, like Gecko) Chrome/90.0.4430.93 Safari/537.36"
::1 - - [21/May/2021:17:18:05 +0000] "GET /js/app.2caee2eb.js HTTP/1.1" 304 - "http://localhost:9000/chat" "Mozilla/5.0 (Windows NT 10.0; Win64; x64) AppleWebKit/537.36 (KHTML, like Gecko) Chrome/90.0.4430.93 Safari/537.36"
::1 - - [21/May/2021:17:18:05 +0000] "GET /js/chunk-vendors.ba8d597b.js HTTP/1.1" 304 - "http://localhost:9000/chat" "Mozilla/5.0 (Windows NT 10.0; Win64; x64) AppleWebKit/537.36 (KHTML, like Gecko) Chrome/90.0.4430.93 Safari/537.36"
::1 - - [21/May/2021:17:18:05 +0000] "GET /js/about.1436a192.js HTTP/1.1" 304 - "http://localhost:9000/chat" "Mozilla/5.0 (Windows NT 10.0; Win64; x64) AppleWebKit/537.36 (KHTML, like Gecko) Chrome/90.0.4430.93 Safari/537.36"
::1 - - [21/May/2021:17:18:05 +0000] "GET /js/app.2caee2eb.js.map HTTP/1.1" 200 40362 "-" "Mozilla/5.0 (Windows NT 10.0; Win64; x64) AppleWebKit/537.36 (KHTML, like Gecko) Chrome/90.0.4430.93 Safari/537.36"
::1 - - [21/May/2021:17:18:05 +0000] "GET /js/chunk-vendors.ba8d597b.js.map HTTP/1.1" 200 1155165 "-" "Mozilla/5.0 (Windows NT 10.0; Win64; x64) AppleWebKit/537.36 (KHTML, like Gecko) Chrome/90.0.4430.93 Safari/537.36"
::1 - - [21/May/2021:17:18:06 +0000] "GET /api/getMessage HTTP/1.1" 200 2641 "http://localhost:9000/chat" "Mozilla/5.0 (Windows NT 10.0; Win64; x64) AppleWebKit/537.36 (KHTML, like Gecko) Chrome/90.0.4430.93 Safari/537.36"
::1 - - [21/May/2021:18:15:59 +0000] "GET /chat HTTP/1.1" 304 - "-" "Mozilla/5.0 (Windows NT 10.0; Win64; x64) AppleWebKit/537.36 (KHTML, like Gecko) Chrome/90.0.4430.93 Safari/537.36"
::1 - - [21/May/2021:18:15:59 +0000] "GET /css/app.cdd85f6e.css HTTP/1.1" 304 - "http://localhost:9000/chat" "Mozilla/5.0 (Windows NT 10.0; Win64; x64) AppleWebKit/537.36 (KHTML, like Gecko) Chrome/90.0.4430.93 Safari/537.36"
::1 - - [21/May/2021:18:15:59 +0000] "GET /js/app.2caee2eb.js HTTP/1.1" 304 - "http://localhost:9000/chat" "Mozilla/5.0 (Windows NT 10.0; Win64; x64) AppleWebKit/537.36 (KHTML, like Gecko) Chrome/90.0.4430.93 Safari/537.36"
::1 - - [21/May/2021:18:15:59 +0000] "GET /js/chunk-vendors.ba8d597b.js HTTP/1.1" 304 - "http://localhost:9000/chat" "Mozilla/5.0 (Windows NT 10.0; Win64; x64) AppleWebKit/537.36 (KHTML, like Gecko) Chrome/90.0.4430.93 Safari/537.36"
::1 - - [21/May/2021:18:15:59 +0000] "GET /js/about.1436a192.js HTTP/1.1" 304 - "http://localhost:9000/chat" "Mozilla/5.0 (Windows NT 10.0; Win64; x64) AppleWebKit/537.36 (KHTML, like Gecko) Chrome/90.0.4430.93 Safari/537.36"
::1 - - [21/May/2021:18:15:59 +0000] "GET /js/app.2caee2eb.js.map HTTP/1.1" 200 40362 "-" "Mozilla/5.0 (Windows NT 10.0; Win64; x64) AppleWebKit/537.36 (KHTML, like Gecko) Chrome/90.0.4430.93 Safari/537.36"
::1 - - [21/May/2021:18:15:59 +0000] "GET /js/chunk-vendors.ba8d597b.js.map HTTP/1.1" 200 1155165 "-" "Mozilla/5.0 (Windows NT 10.0; Win64; x64) AppleWebKit/537.36 (KHTML, like Gecko) Chrome/90.0.4430.93 Safari/537.36"
::1 - - [21/May/2021:18:16:00 +0000] "GET /api/getMessage HTTP/1.1" 304 - "http://localhost:9000/chat" "Mozilla/5.0 (Windows NT 10.0; Win64; x64) AppleWebKit/537.36 (KHTML, like Gecko) Chrome/90.0.4430.93 Safari/537.36"
::1 - - [21/May/2021:18:16:53 +0000] "GET /chat HTTP/1.1" 302 46 "-" "Mozilla/5.0 (Windows NT 10.0; Win64; x64) AppleWebKit/537.36 (KHTML, like Gecko) Chrome/90.0.4430.93 Safari/537.36"
::1 - - [21/May/2021:18:16:53 +0000] "GET / HTTP/1.1" 200 804 "-" "Mozilla/5.0 (Windows NT 10.0; Win64; x64) AppleWebKit/537.36 (KHTML, like Gecko) Chrome/90.0.4430.93 Safari/537.36"
::1 - - [21/May/2021:18:16:53 +0000] "GET /js/app.2caee2eb.js HTTP/1.1" 200 12313 "http://localhost:9000/" "Mozilla/5.0 (Windows NT 10.0; Win64; x64) AppleWebKit/537.36 (KHTML, like Gecko) Chrome/90.0.4430.93 Safari/537.36"
::1 - - [21/May/2021:18:16:54 +0000] "GET /css/app.cdd85f6e.css HTTP/1.1" 200 4058 "http://localhost:9000/" "Mozilla/5.0 (Windows NT 10.0; Win64; x64) AppleWebKit/537.36 (KHTML, like Gecko) Chrome/90.0.4430.93 Safari/537.36"
::1 - - [21/May/2021:18:16:54 +0000] "GET /js/chunk-vendors.ba8d597b.js HTTP/1.1" 200 192023 "http://localhost:9000/" "Mozilla/5.0 (Windows NT 10.0; Win64; x64) AppleWebKit/537.36 (KHTML, like Gecko) Chrome/90.0.4430.93 Safari/537.36"
::1 - - [21/May/2021:18:16:54 +0000] "GET /js/about.1436a192.js HTTP/1.1" 200 351 "http://localhost:9000/" "Mozilla/5.0 (Windows NT 10.0; Win64; x64) AppleWebKit/537.36 (KHTML, like Gecko) Chrome/90.0.4430.93 Safari/537.36"
::1 - - [21/May/2021:18:16:54 +0000] "GET /api/checkLogin HTTP/1.1" 304 - "http://localhost:9000/" "Mozilla/5.0 (Windows NT 10.0; Win64; x64) AppleWebKit/537.36 (KHTML, like Gecko) Chrome/90.0.4430.93 Safari/537.36"
::1 - - [21/May/2021:18:16:54 +0000] "GET /js/app.2caee2eb.js.map HTTP/1.1" 200 40362 "-" "Mozilla/5.0 (Windows NT 10.0; Win64; x64) AppleWebKit/537.36 (KHTML, like Gecko) Chrome/90.0.4430.93 Safari/537.36"
::1 - - [21/May/2021:18:16:54 +0000] "GET /js/chunk-vendors.ba8d597b.js.map HTTP/1.1" 200 1155165 "-" "Mozilla/5.0 (Windows NT 10.0; Win64; x64) AppleWebKit/537.36 (KHTML, like Gecko) Chrome/90.0.4430.93 Safari/537.36"
::1 - - [21/May/2021:18:16:58 +0000] "POST /api/login HTTP/1.1" 200 38 "http://localhost:9000/" "Mozilla/5.0 (Windows NT 10.0; Win64; x64) AppleWebKit/537.36 (KHTML, like Gecko) Chrome/90.0.4430.93 Safari/537.36"
::1 - - [21/May/2021:18:17:03 +0000] "GET /chat HTTP/1.1" 200 804 "-" "Mozilla/5.0 (Windows NT 10.0; Win64; x64) AppleWebKit/537.36 (KHTML, like Gecko) Chrome/90.0.4430.93 Safari/537.36"
::1 - - [21/May/2021:18:17:03 +0000] "GET /css/app.cdd85f6e.css HTTP/1.1" 304 - "http://localhost:9000/chat" "Mozilla/5.0 (Windows NT 10.0; Win64; x64) AppleWebKit/537.36 (KHTML, like Gecko) Chrome/90.0.4430.93 Safari/537.36"
::1 - - [21/May/2021:18:17:03 +0000] "GET /js/app.2caee2eb.js HTTP/1.1" 304 - "http://localhost:9000/chat" "Mozilla/5.0 (Windows NT 10.0; Win64; x64) AppleWebKit/537.36 (KHTML, like Gecko) Chrome/90.0.4430.93 Safari/537.36"
::1 - - [21/May/2021:18:17:03 +0000] "GET /js/chunk-vendors.ba8d597b.js HTTP/1.1" 304 - "http://localhost:9000/chat" "Mozilla/5.0 (Windows NT 10.0; Win64; x64) AppleWebKit/537.36 (KHTML, like Gecko) Chrome/90.0.4430.93 Safari/537.36"
::1 - - [21/May/2021:18:17:03 +0000] "GET /js/about.1436a192.js HTTP/1.1" 304 - "http://localhost:9000/chat" "Mozilla/5.0 (Windows NT 10.0; Win64; x64) AppleWebKit/537.36 (KHTML, like Gecko) Chrome/90.0.4430.93 Safari/537.36"
::1 - - [21/May/2021:18:17:03 +0000] "GET /js/app.2caee2eb.js.map HTTP/1.1" 200 40362 "-" "Mozilla/5.0 (Windows NT 10.0; Win64; x64) AppleWebKit/537.36 (KHTML, like Gecko) Chrome/90.0.4430.93 Safari/537.36"
::1 - - [21/May/2021:18:17:03 +0000] "GET /js/chunk-vendors.ba8d597b.js.map HTTP/1.1" 200 1155165 "-" "Mozilla/5.0 (Windows NT 10.0; Win64; x64) AppleWebKit/537.36 (KHTML, like Gecko) Chrome/90.0.4430.93 Safari/537.36"
::1 - - [21/May/2021:18:17:04 +0000] "GET /api/getMessage HTTP/1.1" 200 2653 "http://localhost:9000/chat" "Mozilla/5.0 (Windows NT 10.0; Win64; x64) AppleWebKit/537.36 (KHTML, like Gecko) Chrome/90.0.4430.93 Safari/537.36"
::1 - - [21/May/2021:18:23:00 +0000] "GET /chat HTTP/1.1" 200 804 "-" "Mozilla/5.0 (Windows NT 10.0; Win64; x64) AppleWebKit/537.36 (KHTML, like Gecko) Chrome/90.0.4430.93 Safari/537.36"
::1 - - [21/May/2021:18:23:00 +0000] "GET /css/app.cdd85f6e.css HTTP/1.1" 200 4058 "http://localhost:9000/chat" "Mozilla/5.0 (Windows NT 10.0; Win64; x64) AppleWebKit/537.36 (KHTML, like Gecko) Chrome/90.0.4430.93 Safari/537.36"
::1 - - [21/May/2021:18:23:00 +0000] "GET /js/app.013a756b.js HTTP/1.1" 200 12315 "http://localhost:9000/chat" "Mozilla/5.0 (Windows NT 10.0; Win64; x64) AppleWebKit/537.36 (KHTML, like Gecko) Chrome/90.0.4430.93 Safari/537.36"
::1 - - [21/May/2021:18:23:00 +0000] "GET /js/chunk-vendors.ba8d597b.js HTTP/1.1" 200 192023 "http://localhost:9000/chat" "Mozilla/5.0 (Windows NT 10.0; Win64; x64) AppleWebKit/537.36 (KHTML, like Gecko) Chrome/90.0.4430.93 Safari/537.36"
::1 - - [21/May/2021:18:23:00 +0000] "GET /js/about.1436a192.js HTTP/1.1" 200 351 "http://localhost:9000/chat" "Mozilla/5.0 (Windows NT 10.0; Win64; x64) AppleWebKit/537.36 (KHTML, like Gecko) Chrome/90.0.4430.93 Safari/537.36"
::1 - - [21/May/2021:18:23:01 +0000] "GET /js/app.013a756b.js.map HTTP/1.1" 200 40371 "-" "Mozilla/5.0 (Windows NT 10.0; Win64; x64) AppleWebKit/537.36 (KHTML, like Gecko) Chrome/90.0.4430.93 Safari/537.36"
::1 - - [21/May/2021:18:23:01 +0000] "GET /api/getMessage HTTP/1.1" 200 2660 "http://localhost:9000/chat" "Mozilla/5.0 (Windows NT 10.0; Win64; x64) AppleWebKit/537.36 (KHTML, like Gecko) Chrome/90.0.4430.93 Safari/537.36"
::1 - - [21/May/2021:18:23:01 +0000] "GET /js/chunk-vendors.ba8d597b.js.map HTTP/1.1" 200 1155165 "-" "Mozilla/5.0 (Windows NT 10.0; Win64; x64) AppleWebKit/537.36 (KHTML, like Gecko) Chrome/90.0.4430.93 Safari/537.36"
::1 - - [21/May/2021:18:59:04 +0000] "GET /chat HTTP/1.1" 200 804 "-" "Mozilla/5.0 (Windows NT 10.0; Win64; x64) AppleWebKit/537.36 (KHTML, like Gecko) Chrome/90.0.4430.93 Safari/537.36"
::1 - - [21/May/2021:18:59:04 +0000] "GET /css/app.cdd85f6e.css HTTP/1.1" 200 4058 "http://localhost:9000/chat" "Mozilla/5.0 (Windows NT 10.0; Win64; x64) AppleWebKit/537.36 (KHTML, like Gecko) Chrome/90.0.4430.93 Safari/537.36"
::1 - - [21/May/2021:18:59:04 +0000] "GET /js/app.41c955bd.js HTTP/1.1" 200 12410 "http://localhost:9000/chat" "Mozilla/5.0 (Windows NT 10.0; Win64; x64) AppleWebKit/537.36 (KHTML, like Gecko) Chrome/90.0.4430.93 Safari/537.36"
::1 - - [21/May/2021:18:59:04 +0000] "GET /js/chunk-vendors.ba8d597b.js HTTP/1.1" 200 192023 "http://localhost:9000/chat" "Mozilla/5.0 (Windows NT 10.0; Win64; x64) AppleWebKit/537.36 (KHTML, like Gecko) Chrome/90.0.4430.93 Safari/537.36"
::1 - - [21/May/2021:18:59:04 +0000] "GET /js/about.1436a192.js HTTP/1.1" 200 351 "http://localhost:9000/chat" "Mozilla/5.0 (Windows NT 10.0; Win64; x64) AppleWebKit/537.36 (KHTML, like Gecko) Chrome/90.0.4430.93 Safari/537.36"
::1 - - [21/May/2021:18:59:04 +0000] "GET /api/checkLogin HTTP/1.1" 200 48 "http://localhost:9000/chat" "Mozilla/5.0 (Windows NT 10.0; Win64; x64) AppleWebKit/537.36 (KHTML, like Gecko) Chrome/90.0.4430.93 Safari/537.36"
::1 - - [21/May/2021:18:59:04 +0000] "GET /js/app.41c955bd.js.map HTTP/1.1" 200 40621 "-" "Mozilla/5.0 (Windows NT 10.0; Win64; x64) AppleWebKit/537.36 (KHTML, like Gecko) Chrome/90.0.4430.93 Safari/537.36"
::1 - - [21/May/2021:18:59:04 +0000] "GET /js/chunk-vendors.ba8d597b.js.map HTTP/1.1" 200 1155165 "-" "Mozilla/5.0 (Windows NT 10.0; Win64; x64) AppleWebKit/537.36 (KHTML, like Gecko) Chrome/90.0.4430.93 Safari/537.36"
::1 - - [21/May/2021:18:59:04 +0000] "GET /api/getMessage HTTP/1.1" 200 2670 "http://localhost:9000/chat" "Mozilla/5.0 (Windows NT 10.0; Win64; x64) AppleWebKit/537.36 (KHTML, like Gecko) Chrome/90.0.4430.93 Safari/537.36"
::1 - - [21/May/2021:19:00:06 +0000] "GET /chat HTTP/1.1" 302 46 "-" "Mozilla/5.0 (Windows NT 10.0; Win64; x64) AppleWebKit/537.36 (KHTML, like Gecko) Chrome/90.0.4430.93 Safari/537.36"
::1 - - [21/May/2021:19:00:06 +0000] "GET / HTTP/1.1" 200 804 "-" "Mozilla/5.0 (Windows NT 10.0; Win64; x64) AppleWebKit/537.36 (KHTML, like Gecko) Chrome/90.0.4430.93 Safari/537.36"
::1 - - [21/May/2021:19:00:06 +0000] "GET /css/app.cdd85f6e.css HTTP/1.1" 304 - "http://localhost:9000/" "Mozilla/5.0 (Windows NT 10.0; Win64; x64) AppleWebKit/537.36 (KHTML, like Gecko) Chrome/90.0.4430.93 Safari/537.36"
::1 - - [21/May/2021:19:00:06 +0000] "GET /js/app.41c955bd.js HTTP/1.1" 304 - "http://localhost:9000/" "Mozilla/5.0 (Windows NT 10.0; Win64; x64) AppleWebKit/537.36 (KHTML, like Gecko) Chrome/90.0.4430.93 Safari/537.36"
::1 - - [21/May/2021:19:00:06 +0000] "GET /js/chunk-vendors.ba8d597b.js HTTP/1.1" 304 - "http://localhost:9000/" "Mozilla/5.0 (Windows NT 10.0; Win64; x64) AppleWebKit/537.36 (KHTML, like Gecko) Chrome/90.0.4430.93 Safari/537.36"
::1 - - [21/May/2021:19:00:06 +0000] "GET /js/about.1436a192.js HTTP/1.1" 304 - "http://localhost:9000/" "Mozilla/5.0 (Windows NT 10.0; Win64; x64) AppleWebKit/537.36 (KHTML, like Gecko) Chrome/90.0.4430.93 Safari/537.36"
::1 - - [21/May/2021:19:00:06 +0000] "GET /js/app.41c955bd.js.map HTTP/1.1" 200 40621 "-" "Mozilla/5.0 (Windows NT 10.0; Win64; x64) AppleWebKit/537.36 (KHTML, like Gecko) Chrome/90.0.4430.93 Safari/537.36"
::1 - - [21/May/2021:19:00:06 +0000] "GET /api/checkLogin HTTP/1.1" 200 32 "http://localhost:9000/" "Mozilla/5.0 (Windows NT 10.0; Win64; x64) AppleWebKit/537.36 (KHTML, like Gecko) Chrome/90.0.4430.93 Safari/537.36"
::1 - - [21/May/2021:19:00:06 +0000] "GET /js/chunk-vendors.ba8d597b.js.map HTTP/1.1" 200 1155165 "-" "Mozilla/5.0 (Windows NT 10.0; Win64; x64) AppleWebKit/537.36 (KHTML, like Gecko) Chrome/90.0.4430.93 Safari/537.36"
::1 - - [21/May/2021:19:00:14 +0000] "GET / HTTP/1.1" 304 - "-" "Mozilla/5.0 (Windows NT 10.0; Win64; x64) AppleWebKit/537.36 (KHTML, like Gecko) Chrome/90.0.4430.93 Safari/537.36"
::1 - - [21/May/2021:19:00:14 +0000] "GET /css/app.cdd85f6e.css HTTP/1.1" 304 - "http://localhost:9000/" "Mozilla/5.0 (Windows NT 10.0; Win64; x64) AppleWebKit/537.36 (KHTML, like Gecko) Chrome/90.0.4430.93 Safari/537.36"
::1 - - [21/May/2021:19:00:14 +0000] "GET /js/app.41c955bd.js HTTP/1.1" 304 - "http://localhost:9000/" "Mozilla/5.0 (Windows NT 10.0; Win64; x64) AppleWebKit/537.36 (KHTML, like Gecko) Chrome/90.0.4430.93 Safari/537.36"
::1 - - [21/May/2021:19:00:14 +0000] "GET /js/chunk-vendors.ba8d597b.js HTTP/1.1" 304 - "http://localhost:9000/" "Mozilla/5.0 (Windows NT 10.0; Win64; x64) AppleWebKit/537.36 (KHTML, like Gecko) Chrome/90.0.4430.93 Safari/537.36"
::1 - - [21/May/2021:19:00:14 +0000] "GET /js/about.1436a192.js HTTP/1.1" 304 - "http://localhost:9000/" "Mozilla/5.0 (Windows NT 10.0; Win64; x64) AppleWebKit/537.36 (KHTML, like Gecko) Chrome/90.0.4430.93 Safari/537.36"
::1 - - [21/May/2021:19:00:15 +0000] "GET /js/app.41c955bd.js.map HTTP/1.1" 200 40621 "-" "Mozilla/5.0 (Windows NT 10.0; Win64; x64) AppleWebKit/537.36 (KHTML, like Gecko) Chrome/90.0.4430.93 Safari/537.36"
::1 - - [21/May/2021:19:00:15 +0000] "GET /api/checkLogin HTTP/1.1" 304 - "http://localhost:9000/" "Mozilla/5.0 (Windows NT 10.0; Win64; x64) AppleWebKit/537.36 (KHTML, like Gecko) Chrome/90.0.4430.93 Safari/537.36"
::1 - - [21/May/2021:19:00:15 +0000] "GET /js/chunk-vendors.ba8d597b.js.map HTTP/1.1" 200 1155165 "-" "Mozilla/5.0 (Windows NT 10.0; Win64; x64) AppleWebKit/537.36 (KHTML, like Gecko) Chrome/90.0.4430.93 Safari/537.36"
::1 - - [21/May/2021:19:00:58 +0000] "POST /api/signup HTTP/1.1" 200 91 "http://localhost:9000/" "Mozilla/5.0 (Windows NT 10.0; Win64; x64) AppleWebKit/537.36 (KHTML, like Gecko) Chrome/90.0.4430.93 Safari/537.36"
::1 - - [21/May/2021:19:01:27 +0000] "POST /api/login HTTP/1.1" 200 38 "http://localhost:9000/" "Mozilla/5.0 (Windows NT 10.0; Win64; x64) AppleWebKit/537.36 (KHTML, like Gecko) Chrome/90.0.4430.93 Safari/537.36"
::1 - - [21/May/2021:19:01:32 +0000] "GET /chat HTTP/1.1" 200 804 "-" "Mozilla/5.0 (Windows NT 10.0; Win64; x64) AppleWebKit/537.36 (KHTML, like Gecko) Chrome/90.0.4430.93 Safari/537.36"
::1 - - [21/May/2021:19:01:32 +0000] "GET /css/app.cdd85f6e.css HTTP/1.1" 304 - "http://localhost:9000/chat" "Mozilla/5.0 (Windows NT 10.0; Win64; x64) AppleWebKit/537.36 (KHTML, like Gecko) Chrome/90.0.4430.93 Safari/537.36"
::1 - - [21/May/2021:19:01:32 +0000] "GET /js/app.41c955bd.js HTTP/1.1" 304 - "http://localhost:9000/chat" "Mozilla/5.0 (Windows NT 10.0; Win64; x64) AppleWebKit/537.36 (KHTML, like Gecko) Chrome/90.0.4430.93 Safari/537.36"
::1 - - [21/May/2021:19:01:32 +0000] "GET /js/about.1436a192.js HTTP/1.1" 304 - "http://localhost:9000/chat" "Mozilla/5.0 (Windows NT 10.0; Win64; x64) AppleWebKit/537.36 (KHTML, like Gecko) Chrome/90.0.4430.93 Safari/537.36"
::1 - - [21/May/2021:19:01:32 +0000] "GET /js/chunk-vendors.ba8d597b.js HTTP/1.1" 304 - "http://localhost:9000/chat" "Mozilla/5.0 (Windows NT 10.0; Win64; x64) AppleWebKit/537.36 (KHTML, like Gecko) Chrome/90.0.4430.93 Safari/537.36"
::1 - - [21/May/2021:19:01:32 +0000] "GET /js/app.41c955bd.js.map HTTP/1.1" 200 40621 "-" "Mozilla/5.0 (Windows NT 10.0; Win64; x64) AppleWebKit/537.36 (KHTML, like Gecko) Chrome/90.0.4430.93 Safari/537.36"
::1 - - [21/May/2021:19:01:32 +0000] "GET /api/checkLogin HTTP/1.1" 200 49 "http://localhost:9000/chat" "Mozilla/5.0 (Windows NT 10.0; Win64; x64) AppleWebKit/537.36 (KHTML, like Gecko) Chrome/90.0.4430.93 Safari/537.36"
::1 - - [21/May/2021:19:01:32 +0000] "GET /js/chunk-vendors.ba8d597b.js.map HTTP/1.1" 200 1155165 "-" "Mozilla/5.0 (Windows NT 10.0; Win64; x64) AppleWebKit/537.36 (KHTML, like Gecko) Chrome/90.0.4430.93 Safari/537.36"
::1 - - [21/May/2021:19:01:32 +0000] "GET /api/getMessage HTTP/1.1" 200 2670 "http://localhost:9000/chat" "Mozilla/5.0 (Windows NT 10.0; Win64; x64) AppleWebKit/537.36 (KHTML, like Gecko) Chrome/90.0.4430.93 Safari/537.36"
